C:\Program Files (x86)\Microsoft Visual Studio\2017\Community\Common7\IDE\VC\VCTargets\Microsoft.CppBuild.targets(387,5): warning MSB8028: The intermediate directory (x64\Debug\) contains files shared from another project (HAPI_Start.vcxproj).  This can lead to incorrect clean and rebuild behavior.
  Player.cpp
p:\github\hapi-engine\hapi_start\spriteanimator.h(18): warning C4244: '=': conversion from 'HAPISPACE::DWORD' to 'float', possible loss of data
p:\github\hapi-engine\hapi_start\visualisation.h(28): warning C4267: 'return': conversion from 'size_t' to 'int', possible loss of data
  Generating Code...
  Compiling...
  main.cpp
p:\github\hapi-engine\hapi_start\visualisation.h(28): warning C4267: 'return': conversion from 'size_t' to 'int', possible loss of data
p:\github\hapi-engine\hapi_start\spriteanimator.h(18): warning C4244: '=': conversion from 'HAPISPACE::DWORD' to 'float', possible loss of data
  TitleScreen.cpp
p:\github\hapi-engine\hapi_start\visualisation.h(28): warning C4267: 'return': conversion from 'size_t' to 'int', possible loss of data
p:\github\hapi-engine\hapi_start\spriteanimator.h(18): warning C4244: '=': conversion from 'HAPISPACE::DWORD' to 'float', possible loss of data
  PauseMenu.cpp
p:\github\hapi-engine\hapi_start\visualisation.h(28): warning C4267: 'return': conversion from 'size_t' to 'int', possible loss of data
p:\github\hapi-engine\hapi_start\spriteanimator.h(18): warning C4244: '=': conversion from 'HAPISPACE::DWORD' to 'float', possible loss of data
  GameScene.cpp
p:\github\hapi-engine\hapi_start\visualisation.h(28): warning C4267: 'return': conversion from 'size_t' to 'int', possible loss of data
p:\github\hapi-engine\hapi_start\spriteanimator.h(18): warning C4244: '=': conversion from 'HAPISPACE::DWORD' to 'float', possible loss of data
  Game.cpp
p:\github\hapi-engine\hapi_start\visualisation.h(28): warning C4267: 'return': conversion from 'size_t' to 'int', possible loss of data
p:\github\hapi-engine\hapi_start\spriteanimator.h(18): warning C4244: '=': conversion from 'HAPISPACE::DWORD' to 'float', possible loss of data
  Generating Code...
  HAPI_Start.vcxproj -> P:\GitHub\HAPI-Engine\x64\Debug\AzEngine (HAPI GEC).exe
